<?xml version="1.0" encoding="UTF-8"?>
<!-- Generated by org.testng.reporters.JUnitReportReporter -->
<testsuite hostname="DESKTOP-0VAGNL3" failures="0" tests="4" name="com.example.ECommerceTest" time="36.006" errors="0" timestamp="2023-09-18T00:59:43 PST" skipped="0">
  <testcase classname="com.example.ECommerceTest" name="Test2SearchResultPage" time="6.164"/>
  <testcase classname="com.example.ECommerceTest" name="Test3ProductDetailsPage" time="2.089"/>
  <testcase classname="com.example.ECommerceTest" name="Test4CartPage" time="6.128"/>
  <testcase classname="com.example.ECommerceTest" name="Test1Homepage" time="21.625"/>
</testsuite> <!-- com.example.ECommerceTest -->
